<?xml version="1.0" encoding="UTF-8"?>
<coverage generated="1672838781321" clover="3.2.0">
  <project timestamp="1672838781321" name="All files">
    <metrics statements="15" coveredstatements="15" conditionals="0" coveredconditionals="0" methods="7" coveredmethods="7" elements="22" coveredelements="22" complexity="0" loc="15" ncloc="15" packages="2" files="3" classes="3"/>
    <package name="unwanted">
      <metrics statements="3" coveredstatements="3" conditionals="0" coveredconditionals="0" methods="1" coveredmethods="1"/>
      <file name="App.tsx" path="/Users/jonnyabrams/Projects/react-native-projects/unwanted/App.tsx">
        <metrics statements="3" coveredstatements="3" conditionals="0" coveredconditionals="0" methods="1" coveredmethods="1"/>
        <line num="13" count="1" type="stmt"/>
        <line num="14" count="1" type="stmt"/>
        <line num="21" count="1" type="stmt"/>
      </file>
    </package>
    <package name="unwanted.src.screens">
      <metrics statements="12" coveredstatements="12" conditionals="0" coveredconditionals="0" methods="6" coveredmethods="6"/>
      <file name="AccountScreen.tsx" path="/Users/jonnyabrams/Projects/react-native-projects/unwanted/src/screens/AccountScreen.tsx">
        <metrics statements="6" coveredstatements="6" conditionals="0" coveredconditionals="0" methods="3" coveredmethods="3"/>
        <line num="9" count="1" type="stmt"/>
        <line num="26" count="1" type="stmt"/>
        <line num="27" count="1" type="stmt"/>
        <line num="39" count="2" type="stmt"/>
        <line num="42" count="2" type="stmt"/>
        <line num="64" count="1" type="stmt"/>
      </file>
      <file name="ListingsScreen.tsx" path="/Users/jonnyabrams/Projects/react-native-projects/unwanted/src/screens/ListingsScreen.tsx">
        <metrics statements="6" coveredstatements="6" conditionals="0" coveredconditionals="0" methods="3" coveredmethods="3"/>
        <line num="7" count="2" type="stmt"/>
        <line num="22" count="2" type="stmt"/>
        <line num="23" count="2" type="stmt"/>
        <line num="27" count="4" type="stmt"/>
        <line num="29" count="4" type="stmt"/>
        <line num="42" count="2" type="stmt"/>
      </file>
    </package>
  </project>
</coverage>
