{"/Users/jonnyabrams/Projects/react-native-projects/unwanted/App.tsx": {"path":"/Users/jonnyabrams/Projects/react-native-projects/unwanted/App.tsx","statementMap":{"0":{"start":{"line":13,"column":12},"end":{"line":19,"column":1}},"1":{"start":{"line":14,"column":2},"end":{"line":18,"column":4}},"2":{"start":{"line":21,"column":15},"end":{"line":28,"column":2}}},"fnMap":{"0":{"name":"(anonymous_0)","decl":{"start":{"line":13,"column":12},"end":{"line":13,"column":13}},"loc":{"start":{"line":13,"column":18},"end":{"line":19,"column":1}},"line":13}},"branchMap":{},"s":{"0":1,"1":1,"2":1},"f":{"0":1},"b":{},"_coverageSchema":"1a1c01bbd47fc00a2c39e90264f33305004495a9","hash":"6bcbdfd6a5a1a80e5de239b029f452043e00e8b5"}
,"/Users/jonnyabrams/Projects/react-native-projects/unwanted/src/screens/AccountScreen.tsx": {"path":"/Users/jonnyabrams/Projects/react-native-projects/unwanted/src/screens/AccountScreen.tsx","statementMap":{"0":{"start":{"line":9,"column":18},"end":{"line":24,"column":1}},"1":{"start":{"line":26,"column":22},"end":{"line":60,"column":1}},"2":{"start":{"line":27,"column":2},"end":{"line":59,"column":4}},"3":{"start":{"line":39,"column":38},"end":{"line":39,"column":52}},"4":{"start":{"line":42,"column":12},"end":{"line":50,"column":14}},"5":{"start":{"line":64,"column":15},"end":{"line":71,"column":2}}},"fnMap":{"0":{"name":"(anonymous_0)","decl":{"start":{"line":26,"column":22},"end":{"line":26,"column":23}},"loc":{"start":{"line":26,"column":28},"end":{"line":60,"column":1}},"line":26},"1":{"name":"(anonymous_1)","decl":{"start":{"line":39,"column":24},"end":{"line":39,"column":25}},"loc":{"start":{"line":39,"column":38},"end":{"line":39,"column":52}},"line":39},"2":{"name":"(anonymous_2)","decl":{"start":{"line":41,"column":22},"end":{"line":41,"column":23}},"loc":{"start":{"line":42,"column":12},"end":{"line":50,"column":14}},"line":42}},"branchMap":{},"s":{"0":1,"1":1,"2":1,"3":2,"4":2,"5":1},"f":{"0":1,"1":2,"2":2},"b":{},"_coverageSchema":"1a1c01bbd47fc00a2c39e90264f33305004495a9","hash":"116ca188806b26c682fe0b9eb855a4c2b4502d55"}
,"/Users/jonnyabrams/Projects/react-native-projects/unwanted/src/screens/ListingsScreen.tsx": {"path":"/Users/jonnyabrams/Projects/react-native-projects/unwanted/src/screens/ListingsScreen.tsx","statementMap":{"0":{"start":{"line":7,"column":17},"end":{"line":20,"column":1}},"1":{"start":{"line":22,"column":23},"end":{"line":38,"column":1}},"2":{"start":{"line":23,"column":2},"end":{"line":37,"column":4}},"3":{"start":{"line":27,"column":35},"end":{"line":27,"column":56}},"4":{"start":{"line":29,"column":10},"end":{"line":33,"column":12}},"5":{"start":{"line":42,"column":15},"end":{"line":47,"column":2}}},"fnMap":{"0":{"name":"(anonymous_0)","decl":{"start":{"line":22,"column":23},"end":{"line":22,"column":24}},"loc":{"start":{"line":22,"column":29},"end":{"line":38,"column":1}},"line":22},"1":{"name":"(anonymous_1)","decl":{"start":{"line":27,"column":22},"end":{"line":27,"column":23}},"loc":{"start":{"line":27,"column":35},"end":{"line":27,"column":56}},"line":27},"2":{"name":"(anonymous_2)","decl":{"start":{"line":28,"column":20},"end":{"line":28,"column":21}},"loc":{"start":{"line":29,"column":10},"end":{"line":33,"column":12}},"line":29}},"branchMap":{},"s":{"0":2,"1":2,"2":2,"3":4,"4":4,"5":2},"f":{"0":2,"1":4,"2":4},"b":{},"_coverageSchema":"1a1c01bbd47fc00a2c39e90264f33305004495a9","hash":"a1b2fb3778d25857a3ded72673dd9f558fb5e73a"}
}
