TN:
SF:App.tsx
FN:13,(anonymous_0)
FNF:1
FNH:1
FNDA:1,(anonymous_0)
DA:13,1
DA:14,1
DA:21,1
LF:3
LH:3
BRF:0
BRH:0
end_of_record
TN:
SF:src/screens/AccountScreen.tsx
FN:26,(anonymous_0)
FN:39,(anonymous_1)
FN:41,(anonymous_2)
FNF:3
FNH:3
FNDA:1,(anonymous_0)
FNDA:2,(anonymous_1)
FNDA:2,(anonymous_2)
DA:9,1
DA:26,1
DA:27,1
DA:39,2
DA:42,2
DA:64,1
LF:6
LH:6
BRF:0
BRH:0
end_of_record
TN:
SF:src/screens/ListingsScreen.tsx
FN:22,(anonymous_0)
FN:27,(anonymous_1)
FN:28,(anonymous_2)
FNF:3
FNH:3
FNDA:2,(anonymous_0)
FNDA:4,(anonymous_1)
FNDA:4,(anonymous_2)
DA:7,2
DA:22,2
DA:23,2
DA:27,4
DA:29,4
DA:42,2
LF:6
LH:6
BRF:0
BRH:0
end_of_record
